2021-02-19 16:30:56,614 [Worker-0: Loading available Gradle versions] INFO  o.e.b.c.i.u.g.PublishedGradleVersions - Gradle version information cache is up-to-date. Trying to read.
2021-02-19 16:38:30,411 [Worker-1: Loading available Gradle versions] INFO  o.e.b.c.i.u.g.PublishedGradleVersions - Gradle version information cache is up-to-date. Trying to read.
2021-02-19 17:46:45,723 [Worker-3: Loading available Gradle versions] INFO  o.e.b.c.i.u.g.PublishedGradleVersions - Gradle version information cache is up-to-date. Trying to read.
2021-02-19 18:02:02,789 [Worker-0: Loading available Gradle versions] INFO  o.e.b.c.i.u.g.PublishedGradleVersions - Gradle version information cache is up-to-date. Trying to read.
2021-02-19 18:03:40,050 [Worker-16: Building] INFO  o.e.m.c.i.l.LifecycleMappingFactory - Using org.eclipse.m2e.jdt.JarLifecycleMapping lifecycle mapping for MavenProject: ACG_Test_Automation_Framework:ACG_Test_Automation_Framework:0.0.1-SNAPSHOT @ /Users/aaa-macmini/Desktop/Kiran/AndroidAutomation/ACG_Test_Automation_Framework 2/pom.xml.
2021-02-19 18:03:40,698 [Worker-16: Building] WARN  o.e.m.c.i.embedder.EclipseLogger - Using platform encoding (UTF-8 actually) to copy filtered resources, i.e. build is platform dependent!
2021-02-19 18:03:40,707 [Worker-16: Building] INFO  o.e.m.c.i.embedder.EclipseLogger - Copying 23 resources
2021-02-19 18:03:40,725 [Worker-16: Building] WARN  o.e.m.c.i.embedder.EclipseLogger - Using platform encoding (UTF-8 actually) to copy filtered resources, i.e. build is platform dependent!
2021-02-19 18:03:40,727 [Worker-16: Building] INFO  o.e.m.c.i.embedder.EclipseLogger - skip non existing resourceDirectory /Users/aaa-macmini/Desktop/Kiran/AndroidAutomation/ACG_Test_Automation_Framework 2/src/test/resources
2021-02-19 18:03:40,840 [Worker-16: Building] ERROR o.e.m.c.i.p.r.ProjectRegistryManager - Could not read pom.xml
org.eclipse.core.runtime.CoreException: Could not read pom.xml
	at org.eclipse.m2e.core.internal.embedder.MavenImpl.readModel(MavenImpl.java:560)
	at org.eclipse.m2e.core.internal.project.registry.ProjectRegistryManager.refreshPhase2(ProjectRegistryManager.java:562)
	at org.eclipse.m2e.core.internal.project.registry.ProjectRegistryManager.refresh(ProjectRegistryManager.java:518)
	at org.eclipse.m2e.core.internal.project.registry.ProjectRegistryManager.refresh(ProjectRegistryManager.java:364)
	at org.eclipse.m2e.core.internal.project.registry.ProjectRegistryManager.refresh(ProjectRegistryManager.java:315)
	at org.eclipse.m2e.core.internal.builder.MavenBuilder$BuildMethod.getProjectFacade(MavenBuilder.java:151)
	at org.eclipse.m2e.core.internal.builder.MavenBuilder$BuildMethod.lambda$0(MavenBuilder.java:89)
	at org.eclipse.m2e.core.internal.embedder.MavenExecutionContext.executeBare(MavenExecutionContext.java:179)
	at org.eclipse.m2e.core.internal.embedder.MavenExecutionContext.execute(MavenExecutionContext.java:153)
	at org.eclipse.m2e.core.internal.embedder.MavenExecutionContext.execute(MavenExecutionContext.java:101)
	at org.eclipse.m2e.core.internal.builder.MavenBuilder$BuildMethod.execute(MavenBuilder.java:88)
	at org.eclipse.m2e.core.internal.builder.MavenBuilder.build(MavenBuilder.java:197)
	at org.eclipse.core.internal.events.BuildManager$2.run(BuildManager.java:845)
	at org.eclipse.core.runtime.SafeRunner.run(SafeRunner.java:45)
	at org.eclipse.core.internal.events.BuildManager.basicBuild(BuildManager.java:228)
	at org.eclipse.core.internal.events.BuildManager.basicBuild(BuildManager.java:276)
	at org.eclipse.core.internal.events.BuildManager$1.run(BuildManager.java:329)
	at org.eclipse.core.runtime.SafeRunner.run(SafeRunner.java:45)
	at org.eclipse.core.internal.events.BuildManager.basicBuild(BuildManager.java:332)
	at org.eclipse.core.internal.events.BuildManager.basicBuildLoop(BuildManager.java:384)
	at org.eclipse.core.internal.events.BuildManager.build(BuildManager.java:405)
	at org.eclipse.core.internal.events.AutoBuildJob.doBuild(AutoBuildJob.java:154)
	at org.eclipse.core.internal.events.AutoBuildJob.run(AutoBuildJob.java:244)
	at org.eclipse.core.internal.jobs.Worker.run(Worker.java:63)
Caused by: org.apache.maven.model.io.ModelParseException: Unrecognised tag: 'build' (position: START_TAG seen ...</dependency>\r\n  <build>... @17:10) 
	at org.apache.maven.model.io.DefaultModelReader.read(DefaultModelReader.java:117)
	at org.apache.maven.model.io.DefaultModelReader.read(DefaultModelReader.java:85)
	at org.eclipse.m2e.core.internal.embedder.MavenImpl.readModel(MavenImpl.java:558)
	... 23 common frames omitted
Caused by: org.codehaus.plexus.util.xml.pull.XmlPullParserException: Unrecognised tag: 'build' (position: START_TAG seen ...</dependency>\r\n  <build>... @17:10) 
	at org.apache.maven.model.io.xpp3.MavenXpp3Reader.checkUnknownElement(MavenXpp3Reader.java:178)
	at org.apache.maven.model.io.xpp3.MavenXpp3Reader.parseModel(MavenXpp3Reader.java:2243)
	at org.apache.maven.model.io.xpp3.MavenXpp3Reader.read(MavenXpp3Reader.java:3872)
	at org.apache.maven.model.io.xpp3.MavenXpp3Reader.read(MavenXpp3Reader.java:595)
	at org.apache.maven.model.io.DefaultModelReader.read(DefaultModelReader.java:112)
	... 25 common frames omitted
2021-02-19 18:03:42,921 [Worker-16: Building] INFO  o.e.m.c.i.l.LifecycleMappingFactory - Using org.eclipse.m2e.jdt.JarLifecycleMapping lifecycle mapping for MavenProject: MobileFramework:MobileFramework:0.0.1-SNAPSHOT @ /Users/aaa-macmini/Desktop/Kiran/Nikitha/24thAug/MobileFramework/pom.xml.
2021-02-19 18:03:43,959 [Worker-16: Building] WARN  o.e.m.c.i.embedder.EclipseLogger - File encoding has not been set, using platform encoding UTF-8, i.e. build is platform dependent!
2021-02-19 18:03:43,964 [Worker-16: Building] WARN  o.e.m.c.i.embedder.EclipseLogger - Using platform encoding (UTF-8 actually) to copy filtered resources, i.e. build is platform dependent!
2021-02-19 18:03:43,964 [Worker-16: Building] INFO  o.e.m.c.i.embedder.EclipseLogger - skip non existing resourceDirectory /Users/aaa-macmini/Desktop/Kiran/Nikitha/24thAug/MobileFramework/src/main/java/resources
2021-02-19 18:03:43,966 [Worker-16: Building] WARN  o.e.m.c.i.embedder.EclipseLogger - Using platform encoding (UTF-8 actually) to copy filtered resources, i.e. build is platform dependent!
2021-02-19 18:03:43,968 [Worker-16: Building] INFO  o.e.m.c.i.embedder.EclipseLogger - skip non existing resourceDirectory /Users/aaa-macmini/Desktop/Kiran/Nikitha/24thAug/MobileFramework/src/test/resources
2021-02-19 18:03:46,254 [Worker-17: Building] WARN  o.e.m.c.i.embedder.EclipseLogger - File encoding has not been set, using platform encoding UTF-8, i.e. build is platform dependent!
2021-02-19 18:03:46,256 [Worker-17: Building] WARN  o.e.m.c.i.embedder.EclipseLogger - Using platform encoding (UTF-8 actually) to copy filtered resources, i.e. build is platform dependent!
2021-02-19 18:03:46,257 [Worker-17: Building] INFO  o.e.m.c.i.embedder.EclipseLogger - skip non existing resourceDirectory /Users/aaa-macmini/Desktop/Kiran/Nikitha/24thAug/MobileFramework/src/main/java/resources
2021-02-19 18:03:46,260 [Worker-17: Building] WARN  o.e.m.c.i.embedder.EclipseLogger - Using platform encoding (UTF-8 actually) to copy filtered resources, i.e. build is platform dependent!
2021-02-19 18:03:46,261 [Worker-17: Building] INFO  o.e.m.c.i.embedder.EclipseLogger - skip non existing resourceDirectory /Users/aaa-macmini/Desktop/Kiran/Nikitha/24thAug/MobileFramework/src/test/resources
2021-02-19 18:04:16,310 [Worker-19: Building] WARN  o.e.m.c.i.embedder.EclipseLogger - Using platform encoding (UTF-8 actually) to copy filtered resources, i.e. build is platform dependent!
2021-02-19 18:04:16,339 [Worker-19: Building] INFO  o.e.m.c.i.embedder.EclipseLogger - Copying 0 resource
2021-02-19 18:04:16,341 [Worker-19: Building] WARN  o.e.m.c.i.embedder.EclipseLogger - Using platform encoding (UTF-8 actually) to copy filtered resources, i.e. build is platform dependent!
2021-02-19 18:04:16,342 [Worker-19: Building] INFO  o.e.m.c.i.embedder.EclipseLogger - skip non existing resourceDirectory /Users/aaa-macmini/Desktop/Kiran/AndroidAutomation/ACG_Test_Automation_Framework 2/src/test/resources
2021-02-19 18:04:16,357 [Worker-19: Building] WARN  o.e.m.c.i.embedder.EclipseLogger - File encoding has not been set, using platform encoding UTF-8, i.e. build is platform dependent!
2021-02-19 18:04:16,358 [Worker-19: Building] WARN  o.e.m.c.i.embedder.EclipseLogger - Using platform encoding (UTF-8 actually) to copy filtered resources, i.e. build is platform dependent!
2021-02-19 18:04:16,360 [Worker-19: Building] INFO  o.e.m.c.i.embedder.EclipseLogger - skip non existing resourceDirectory /Users/aaa-macmini/Desktop/Kiran/Nikitha/24thAug/MobileFramework/src/main/java/resources
2021-02-19 18:04:16,361 [Worker-19: Building] WARN  o.e.m.c.i.embedder.EclipseLogger - Using platform encoding (UTF-8 actually) to copy filtered resources, i.e. build is platform dependent!
2021-02-19 18:04:16,362 [Worker-19: Building] INFO  o.e.m.c.i.embedder.EclipseLogger - skip non existing resourceDirectory /Users/aaa-macmini/Desktop/Kiran/Nikitha/24thAug/MobileFramework/src/test/resources
2021-02-19 18:05:46,917 [Worker-17: Updating Maven Dependencies] ERROR o.e.m.j.i.l.MavenLaunchConfigurationListener - Launch configuration TestMain references non-existing project ACG_Test_Automation_Framework.
org.eclipse.core.runtime.CoreException: Launch configuration TestMain references non-existing project ACG_Test_Automation_Framework.
	at org.eclipse.jdt.launching.JavaRuntime.abort(JavaRuntime.java:1843)
	at org.eclipse.jdt.launching.JavaRuntime.getJavaProject(JavaRuntime.java:1718)
	at org.eclipse.m2e.jdt.internal.launch.MavenLaunchConfigurationListener.updateLaunchConfiguration(MavenLaunchConfigurationListener.java:55)
	at org.eclipse.m2e.jdt.internal.launch.MavenLaunchConfigurationListener.launchConfigurationChanged(MavenLaunchConfigurationListener.java:40)
	at org.eclipse.debug.internal.core.LaunchManager$ConfigurationNotifier.run(LaunchManager.java:225)
	at org.eclipse.core.runtime.SafeRunner.run(SafeRunner.java:45)
	at org.eclipse.debug.internal.core.LaunchManager$ConfigurationNotifier.notify(LaunchManager.java:209)
	at org.eclipse.debug.internal.core.LaunchConfigurationWorkingCopy.setDirty(LaunchConfigurationWorkingCopy.java:521)
	at org.eclipse.debug.internal.core.LaunchConfigurationWorkingCopy.setAttribute(LaunchConfigurationWorkingCopy.java:409)
	at org.eclipse.m2e.jdt.internal.launch.MavenRuntimeClasspathProvider.disable(MavenRuntimeClasspathProvider.java:401)
	at org.eclipse.m2e.jdt.internal.launch.MavenRuntimeClasspathProvider.disable(MavenRuntimeClasspathProvider.java:427)
	at org.eclipse.m2e.jdt.internal.launch.MavenLaunchConfigurationListener.mavenProjectChanged(MavenLaunchConfigurationListener.java:72)
	at org.eclipse.m2e.core.internal.project.registry.ProjectRegistryManager.notifyProjectChangeListeners(ProjectRegistryManager.java:824)
	at org.eclipse.m2e.core.internal.project.registry.ProjectRegistryManager.applyMutableProjectRegistry(ProjectRegistryManager.java:990)
	at org.eclipse.m2e.core.internal.project.registry.ProjectRegistryRefreshJob.lambda$0(ProjectRegistryRefreshJob.java:149)
	at org.eclipse.m2e.core.internal.embedder.MavenExecutionContext.executeBare(MavenExecutionContext.java:179)
	at org.eclipse.m2e.core.internal.embedder.MavenExecutionContext.execute(MavenExecutionContext.java:153)
	at org.eclipse.m2e.core.internal.embedder.MavenExecutionContext.execute(MavenExecutionContext.java:101)
	at org.eclipse.m2e.core.internal.embedder.MavenImpl.execute(MavenImpl.java:1374)
	at org.eclipse.m2e.core.internal.project.registry.ProjectRegistryRefreshJob.run(ProjectRegistryRefreshJob.java:84)
	at org.eclipse.core.internal.jobs.Worker.run(Worker.java:63)
2021-02-19 18:05:46,927 [Worker-17: Updating Maven Dependencies] ERROR o.e.m.j.i.l.MavenLaunchConfigurationListener - Launch configuration TestMain references non-existing project ACG_Test_Automation_Framework.
org.eclipse.core.runtime.CoreException: Launch configuration TestMain references non-existing project ACG_Test_Automation_Framework.
	at org.eclipse.jdt.launching.JavaRuntime.abort(JavaRuntime.java:1843)
	at org.eclipse.jdt.launching.JavaRuntime.getJavaProject(JavaRuntime.java:1718)
	at org.eclipse.m2e.jdt.internal.launch.MavenLaunchConfigurationListener.updateLaunchConfiguration(MavenLaunchConfigurationListener.java:55)
	at org.eclipse.m2e.jdt.internal.launch.MavenLaunchConfigurationListener.launchConfigurationChanged(MavenLaunchConfigurationListener.java:40)
	at org.eclipse.debug.internal.core.LaunchManager$ConfigurationNotifier.run(LaunchManager.java:225)
	at org.eclipse.core.runtime.SafeRunner.run(SafeRunner.java:45)
	at org.eclipse.debug.internal.core.LaunchManager$ConfigurationNotifier.notify(LaunchManager.java:209)
	at org.eclipse.debug.internal.core.LaunchConfigurationWorkingCopy.setDirty(LaunchConfigurationWorkingCopy.java:521)
	at org.eclipse.debug.internal.core.LaunchConfigurationWorkingCopy.setAttribute(LaunchConfigurationWorkingCopy.java:409)
	at org.eclipse.m2e.jdt.internal.launch.MavenRuntimeClasspathProvider.disable(MavenRuntimeClasspathProvider.java:402)
	at org.eclipse.m2e.jdt.internal.launch.MavenRuntimeClasspathProvider.disable(MavenRuntimeClasspathProvider.java:427)
	at org.eclipse.m2e.jdt.internal.launch.MavenLaunchConfigurationListener.mavenProjectChanged(MavenLaunchConfigurationListener.java:72)
	at org.eclipse.m2e.core.internal.project.registry.ProjectRegistryManager.notifyProjectChangeListeners(ProjectRegistryManager.java:824)
	at org.eclipse.m2e.core.internal.project.registry.ProjectRegistryManager.applyMutableProjectRegistry(ProjectRegistryManager.java:990)
	at org.eclipse.m2e.core.internal.project.registry.ProjectRegistryRefreshJob.lambda$0(ProjectRegistryRefreshJob.java:149)
	at org.eclipse.m2e.core.internal.embedder.MavenExecutionContext.executeBare(MavenExecutionContext.java:179)
	at org.eclipse.m2e.core.internal.embedder.MavenExecutionContext.execute(MavenExecutionContext.java:153)
	at org.eclipse.m2e.core.internal.embedder.MavenExecutionContext.execute(MavenExecutionContext.java:101)
	at org.eclipse.m2e.core.internal.embedder.MavenImpl.execute(MavenImpl.java:1374)
	at org.eclipse.m2e.core.internal.project.registry.ProjectRegistryRefreshJob.run(ProjectRegistryRefreshJob.java:84)
	at org.eclipse.core.internal.jobs.Worker.run(Worker.java:63)
2021-02-19 18:05:46,938 [Worker-17: Updating Maven Dependencies] ERROR o.e.m.j.i.l.MavenLaunchConfigurationListener - Launch configuration TestMain references non-existing project ACG_Test_Automation_Framework.
org.eclipse.core.runtime.CoreException: Launch configuration TestMain references non-existing project ACG_Test_Automation_Framework.
	at org.eclipse.jdt.launching.JavaRuntime.abort(JavaRuntime.java:1843)
	at org.eclipse.jdt.launching.JavaRuntime.getJavaProject(JavaRuntime.java:1718)
	at org.eclipse.m2e.jdt.internal.launch.MavenLaunchConfigurationListener.updateLaunchConfiguration(MavenLaunchConfigurationListener.java:55)
	at org.eclipse.m2e.jdt.internal.launch.MavenLaunchConfigurationListener.launchConfigurationChanged(MavenLaunchConfigurationListener.java:40)
	at org.eclipse.debug.internal.core.LaunchManager$ConfigurationNotifier.run(LaunchManager.java:225)
	at org.eclipse.core.runtime.SafeRunner.run(SafeRunner.java:45)
	at org.eclipse.debug.internal.core.LaunchManager$ConfigurationNotifier.notify(LaunchManager.java:209)
	at org.eclipse.debug.internal.core.LaunchManager.launchConfigurationChanged(LaunchManager.java:2132)
	at org.eclipse.debug.internal.core.LaunchConfigurationWorkingCopy.writeNewFile(LaunchConfigurationWorkingCopy.java:374)
	at org.eclipse.debug.internal.core.LaunchConfigurationWorkingCopy.doSave0(LaunchConfigurationWorkingCopy.java:257)
	at org.eclipse.debug.internal.core.LaunchConfigurationWorkingCopy.doSave(LaunchConfigurationWorkingCopy.java:227)
	at org.eclipse.debug.internal.core.LaunchConfigurationWorkingCopy.doSave(LaunchConfigurationWorkingCopy.java:185)
	at org.eclipse.m2e.jdt.internal.launch.MavenRuntimeClasspathProvider.disable(MavenRuntimeClasspathProvider.java:403)
	at org.eclipse.m2e.jdt.internal.launch.MavenRuntimeClasspathProvider.disable(MavenRuntimeClasspathProvider.java:427)
	at org.eclipse.m2e.jdt.internal.launch.MavenLaunchConfigurationListener.mavenProjectChanged(MavenLaunchConfigurationListener.java:72)
	at org.eclipse.m2e.core.internal.project.registry.ProjectRegistryManager.notifyProjectChangeListeners(ProjectRegistryManager.java:824)
	at org.eclipse.m2e.core.internal.project.registry.ProjectRegistryManager.applyMutableProjectRegistry(ProjectRegistryManager.java:990)
	at org.eclipse.m2e.core.internal.project.registry.ProjectRegistryRefreshJob.lambda$0(ProjectRegistryRefreshJob.java:149)
	at org.eclipse.m2e.core.internal.embedder.MavenExecutionContext.executeBare(MavenExecutionContext.java:179)
	at org.eclipse.m2e.core.internal.embedder.MavenExecutionContext.execute(MavenExecutionContext.java:153)
	at org.eclipse.m2e.core.internal.embedder.MavenExecutionContext.execute(MavenExecutionContext.java:101)
	at org.eclipse.m2e.core.internal.embedder.MavenImpl.execute(MavenImpl.java:1374)
	at org.eclipse.m2e.core.internal.project.registry.ProjectRegistryRefreshJob.run(ProjectRegistryRefreshJob.java:84)
	at org.eclipse.core.internal.jobs.Worker.run(Worker.java:63)
2021-02-19 18:07:55,708 [Worker-15: Building] WARN  o.e.m.c.i.embedder.EclipseLogger - File encoding has not been set, using platform encoding UTF-8, i.e. build is platform dependent!
2021-02-19 18:07:55,730 [Worker-15: Building] WARN  o.e.m.c.i.embedder.EclipseLogger - Using platform encoding (UTF-8 actually) to copy filtered resources, i.e. build is platform dependent!
2021-02-19 18:07:55,731 [Worker-15: Building] INFO  o.e.m.c.i.embedder.EclipseLogger - skip non existing resourceDirectory /Users/aaa-macmini/Desktop/Kiran/Nikitha/24thAug/MobileFramework/src/main/java/resources
2021-02-19 18:07:55,732 [Worker-15: Building] WARN  o.e.m.c.i.embedder.EclipseLogger - Using platform encoding (UTF-8 actually) to copy filtered resources, i.e. build is platform dependent!
2021-02-19 18:07:55,733 [Worker-15: Building] INFO  o.e.m.c.i.embedder.EclipseLogger - skip non existing resourceDirectory /Users/aaa-macmini/Desktop/Kiran/Nikitha/24thAug/MobileFramework/src/test/resources
2021-02-19 18:08:08,008 [Worker-22: Building] WARN  o.e.m.c.i.embedder.EclipseLogger - File encoding has not been set, using platform encoding UTF-8, i.e. build is platform dependent!
2021-02-19 18:08:08,019 [Worker-22: Building] WARN  o.e.m.c.i.embedder.EclipseLogger - Using platform encoding (UTF-8 actually) to copy filtered resources, i.e. build is platform dependent!
2021-02-19 18:08:08,021 [Worker-22: Building] INFO  o.e.m.c.i.embedder.EclipseLogger - skip non existing resourceDirectory /Users/aaa-macmini/Desktop/Kiran/Nikitha/24thAug/MobileFramework/src/main/java/resources
2021-02-19 18:08:08,023 [Worker-22: Building] WARN  o.e.m.c.i.embedder.EclipseLogger - Using platform encoding (UTF-8 actually) to copy filtered resources, i.e. build is platform dependent!
2021-02-19 18:08:08,024 [Worker-22: Building] INFO  o.e.m.c.i.embedder.EclipseLogger - skip non existing resourceDirectory /Users/aaa-macmini/Desktop/Kiran/Nikitha/24thAug/MobileFramework/src/test/resources
2021-02-19 18:47:47,276 [Worker-29: Building] WARN  o.e.m.c.i.embedder.EclipseLogger - File encoding has not been set, using platform encoding UTF-8, i.e. build is platform dependent!
2021-02-19 18:47:47,306 [Worker-29: Building] WARN  o.e.m.c.i.embedder.EclipseLogger - Using platform encoding (UTF-8 actually) to copy filtered resources, i.e. build is platform dependent!
2021-02-19 18:47:47,306 [Worker-29: Building] INFO  o.e.m.c.i.embedder.EclipseLogger - skip non existing resourceDirectory /Users/aaa-macmini/Desktop/Kiran/Nikitha/24thAug/MobileFramework/src/main/java/resources
2021-02-19 18:47:47,309 [Worker-29: Building] WARN  o.e.m.c.i.embedder.EclipseLogger - Using platform encoding (UTF-8 actually) to copy filtered resources, i.e. build is platform dependent!
2021-02-19 18:47:47,310 [Worker-29: Building] INFO  o.e.m.c.i.embedder.EclipseLogger - skip non existing resourceDirectory /Users/aaa-macmini/Desktop/Kiran/Nikitha/24thAug/MobileFramework/src/test/resources
2021-02-19 19:39:14,726 [Worker-30: Building] WARN  o.e.m.c.i.embedder.EclipseLogger - File encoding has not been set, using platform encoding UTF-8, i.e. build is platform dependent!
2021-02-19 19:39:14,781 [Worker-30: Building] WARN  o.e.m.c.i.embedder.EclipseLogger - Using platform encoding (UTF-8 actually) to copy filtered resources, i.e. build is platform dependent!
2021-02-19 19:39:14,782 [Worker-30: Building] INFO  o.e.m.c.i.embedder.EclipseLogger - skip non existing resourceDirectory /Users/aaa-macmini/Desktop/Kiran/Nikitha/24thAug/MobileFramework/src/main/java/resources
2021-02-19 19:39:14,784 [Worker-30: Building] WARN  o.e.m.c.i.embedder.EclipseLogger - Using platform encoding (UTF-8 actually) to copy filtered resources, i.e. build is platform dependent!
2021-02-19 19:39:14,785 [Worker-30: Building] INFO  o.e.m.c.i.embedder.EclipseLogger - skip non existing resourceDirectory /Users/aaa-macmini/Desktop/Kiran/Nikitha/24thAug/MobileFramework/src/test/resources
2021-02-19 19:46:15,574 [Worker-37: Launching TestMain (1)] WARN  o.e.m.c.i.embedder.EclipseLogger - File encoding has not been set, using platform encoding UTF-8, i.e. build is platform dependent!
2021-02-19 19:46:15,585 [Worker-37: Launching TestMain (1)] WARN  o.e.m.c.i.embedder.EclipseLogger - Using platform encoding (UTF-8 actually) to copy filtered resources, i.e. build is platform dependent!
2021-02-19 19:46:15,586 [Worker-37: Launching TestMain (1)] INFO  o.e.m.c.i.embedder.EclipseLogger - skip non existing resourceDirectory /Users/aaa-macmini/Desktop/Kiran/Nikitha/24thAug/MobileFramework/src/main/java/resources
2021-02-19 19:46:15,588 [Worker-37: Launching TestMain (1)] WARN  o.e.m.c.i.embedder.EclipseLogger - Using platform encoding (UTF-8 actually) to copy filtered resources, i.e. build is platform dependent!
2021-02-19 19:46:15,589 [Worker-37: Launching TestMain (1)] INFO  o.e.m.c.i.embedder.EclipseLogger - skip non existing resourceDirectory /Users/aaa-macmini/Desktop/Kiran/Nikitha/24thAug/MobileFramework/src/test/resources
2021-02-19 20:45:29,852 [Worker-43: Launching TestMain (1)] WARN  o.e.m.c.i.embedder.EclipseLogger - File encoding has not been set, using platform encoding UTF-8, i.e. build is platform dependent!
2021-02-19 20:45:29,866 [Worker-43: Launching TestMain (1)] WARN  o.e.m.c.i.embedder.EclipseLogger - Using platform encoding (UTF-8 actually) to copy filtered resources, i.e. build is platform dependent!
2021-02-19 20:45:29,867 [Worker-43: Launching TestMain (1)] INFO  o.e.m.c.i.embedder.EclipseLogger - skip non existing resourceDirectory /Users/aaa-macmini/Desktop/Kiran/Nikitha/24thAug/MobileFramework/src/main/java/resources
2021-02-19 20:45:29,869 [Worker-43: Launching TestMain (1)] WARN  o.e.m.c.i.embedder.EclipseLogger - Using platform encoding (UTF-8 actually) to copy filtered resources, i.e. build is platform dependent!
2021-02-19 20:45:29,870 [Worker-43: Launching TestMain (1)] INFO  o.e.m.c.i.embedder.EclipseLogger - skip non existing resourceDirectory /Users/aaa-macmini/Desktop/Kiran/Nikitha/24thAug/MobileFramework/src/test/resources
2021-02-19 20:46:20,275 [Worker-42: Launching TestMain (1)] WARN  o.e.m.c.i.embedder.EclipseLogger - File encoding has not been set, using platform encoding UTF-8, i.e. build is platform dependent!
2021-02-19 20:46:20,276 [Worker-42: Launching TestMain (1)] WARN  o.e.m.c.i.embedder.EclipseLogger - Using platform encoding (UTF-8 actually) to copy filtered resources, i.e. build is platform dependent!
2021-02-19 20:46:20,277 [Worker-42: Launching TestMain (1)] INFO  o.e.m.c.i.embedder.EclipseLogger - skip non existing resourceDirectory /Users/aaa-macmini/Desktop/Kiran/Nikitha/24thAug/MobileFramework/src/main/java/resources
2021-02-19 20:46:20,278 [Worker-42: Launching TestMain (1)] WARN  o.e.m.c.i.embedder.EclipseLogger - Using platform encoding (UTF-8 actually) to copy filtered resources, i.e. build is platform dependent!
2021-02-19 20:46:20,279 [Worker-42: Launching TestMain (1)] INFO  o.e.m.c.i.embedder.EclipseLogger - skip non existing resourceDirectory /Users/aaa-macmini/Desktop/Kiran/Nikitha/24thAug/MobileFramework/src/test/resources
2021-02-19 20:51:24,048 [Worker-3: Loading available Gradle versions] INFO  o.e.b.c.i.u.g.PublishedGradleVersions - Gradle version information cache is out-of-date. Trying to update.
2021-02-20 19:52:11,712 [Worker-6: Loading available Gradle versions] INFO  o.e.b.c.i.u.g.PublishedGradleVersions - Gradle version information cache is up-to-date. Trying to read.
2021-02-20 21:03:18,584 [Worker-6: Loading available Gradle versions] INFO  o.e.b.c.i.u.g.PublishedGradleVersions - Gradle version information cache is out-of-date. Trying to update.
2021-02-22 11:51:53,485 [Worker-3: Loading available Gradle versions] INFO  o.e.b.c.i.u.g.PublishedGradleVersions - Gradle version information cache is out-of-date. Trying to update.
2021-02-22 20:15:01,010 [Worker-1: Loading available Gradle versions] INFO  o.e.b.c.i.u.g.PublishedGradleVersions - Gradle version information cache is up-to-date. Trying to read.
2021-02-22 20:21:30,210 [Worker-13: Launching TestMain (1)] WARN  o.e.m.c.i.embedder.EclipseLogger - File encoding has not been set, using platform encoding UTF-8, i.e. build is platform dependent!
2021-02-22 20:21:30,229 [Worker-13: Launching TestMain (1)] WARN  o.e.m.c.i.embedder.EclipseLogger - Using platform encoding (UTF-8 actually) to copy filtered resources, i.e. build is platform dependent!
2021-02-22 20:21:30,230 [Worker-13: Launching TestMain (1)] INFO  o.e.m.c.i.embedder.EclipseLogger - skip non existing resourceDirectory /Users/aaa-macmini/Desktop/Kiran/Nikitha/24thAug/MobileFramework/src/main/java/resources
2021-02-22 20:21:30,235 [Worker-13: Launching TestMain (1)] WARN  o.e.m.c.i.embedder.EclipseLogger - Using platform encoding (UTF-8 actually) to copy filtered resources, i.e. build is platform dependent!
2021-02-22 20:21:30,236 [Worker-13: Launching TestMain (1)] INFO  o.e.m.c.i.embedder.EclipseLogger - skip non existing resourceDirectory /Users/aaa-macmini/Desktop/Kiran/Nikitha/24thAug/MobileFramework/src/test/resources
2021-02-22 20:36:23,582 [Worker-16: Launching TestMain (1)] WARN  o.e.m.c.i.embedder.EclipseLogger - File encoding has not been set, using platform encoding UTF-8, i.e. build is platform dependent!
2021-02-22 20:36:23,594 [Worker-16: Launching TestMain (1)] WARN  o.e.m.c.i.embedder.EclipseLogger - Using platform encoding (UTF-8 actually) to copy filtered resources, i.e. build is platform dependent!
2021-02-22 20:36:23,595 [Worker-16: Launching TestMain (1)] INFO  o.e.m.c.i.embedder.EclipseLogger - skip non existing resourceDirectory /Users/aaa-macmini/Desktop/Kiran/Nikitha/24thAug/MobileFramework/src/main/java/resources
2021-02-22 20:36:23,596 [Worker-16: Launching TestMain (1)] WARN  o.e.m.c.i.embedder.EclipseLogger - Using platform encoding (UTF-8 actually) to copy filtered resources, i.e. build is platform dependent!
2021-02-22 20:36:23,597 [Worker-16: Launching TestMain (1)] INFO  o.e.m.c.i.embedder.EclipseLogger - skip non existing resourceDirectory /Users/aaa-macmini/Desktop/Kiran/Nikitha/24thAug/MobileFramework/src/test/resources
2021-02-23 11:48:17,487 [Worker-4: Loading available Gradle versions] INFO  o.e.b.c.i.u.g.PublishedGradleVersions - Gradle version information cache is up-to-date. Trying to read.
2021-02-23 12:07:56,591 [Worker-6: Loading available Gradle versions] INFO  o.e.b.c.i.u.g.PublishedGradleVersions - Gradle version information cache is up-to-date. Trying to read.
2021-02-23 12:11:31,817 [Worker-11: Launching TestMain (1)] WARN  o.e.m.c.i.embedder.EclipseLogger - File encoding has not been set, using platform encoding UTF-8, i.e. build is platform dependent!
2021-02-23 12:11:31,844 [Worker-11: Launching TestMain (1)] WARN  o.e.m.c.i.embedder.EclipseLogger - Using platform encoding (UTF-8 actually) to copy filtered resources, i.e. build is platform dependent!
2021-02-23 12:11:31,864 [Worker-11: Launching TestMain (1)] INFO  o.e.m.c.i.embedder.EclipseLogger - skip non existing resourceDirectory /Users/aaa-macmini/Desktop/Kiran/Nikitha/24thAug/MobileFramework/src/main/java/resources
2021-02-23 12:11:31,868 [Worker-11: Launching TestMain (1)] WARN  o.e.m.c.i.embedder.EclipseLogger - Using platform encoding (UTF-8 actually) to copy filtered resources, i.e. build is platform dependent!
2021-02-23 12:11:31,869 [Worker-11: Launching TestMain (1)] INFO  o.e.m.c.i.embedder.EclipseLogger - skip non existing resourceDirectory /Users/aaa-macmini/Desktop/Kiran/Nikitha/24thAug/MobileFramework/src/test/resources
2021-02-23 12:25:57,813 [Worker-5: Loading available Gradle versions] INFO  o.e.b.c.i.u.g.PublishedGradleVersions - Gradle version information cache is up-to-date. Trying to read.
2021-02-24 15:23:05,408 [Worker-2: Loading available Gradle versions] INFO  o.e.b.c.i.u.g.PublishedGradleVersions - Gradle version information cache is out-of-date. Trying to update.
2021-02-24 17:52:45,108 [Worker-41: Launching TestMain (1)] WARN  o.e.m.c.i.embedder.EclipseLogger - File encoding has not been set, using platform encoding UTF-8, i.e. build is platform dependent!
2021-02-24 17:52:45,120 [Worker-41: Launching TestMain (1)] WARN  o.e.m.c.i.embedder.EclipseLogger - Using platform encoding (UTF-8 actually) to copy filtered resources, i.e. build is platform dependent!
2021-02-24 17:52:45,120 [Worker-41: Launching TestMain (1)] INFO  o.e.m.c.i.embedder.EclipseLogger - skip non existing resourceDirectory /Users/aaa-macmini/Desktop/Kiran/Nikitha/24thAug/MobileFramework/src/main/java/resources
2021-02-24 17:52:45,122 [Worker-41: Launching TestMain (1)] WARN  o.e.m.c.i.embedder.EclipseLogger - Using platform encoding (UTF-8 actually) to copy filtered resources, i.e. build is platform dependent!
2021-02-24 17:52:45,123 [Worker-41: Launching TestMain (1)] INFO  o.e.m.c.i.embedder.EclipseLogger - skip non existing resourceDirectory /Users/aaa-macmini/Desktop/Kiran/Nikitha/24thAug/MobileFramework/src/test/resources
2021-02-24 17:56:08,048 [Worker-41: Launching TestMain (1)] WARN  o.e.m.c.i.embedder.EclipseLogger - File encoding has not been set, using platform encoding UTF-8, i.e. build is platform dependent!
2021-02-24 17:56:08,065 [Worker-41: Launching TestMain (1)] WARN  o.e.m.c.i.embedder.EclipseLogger - Using platform encoding (UTF-8 actually) to copy filtered resources, i.e. build is platform dependent!
2021-02-24 17:56:08,066 [Worker-41: Launching TestMain (1)] INFO  o.e.m.c.i.embedder.EclipseLogger - skip non existing resourceDirectory /Users/aaa-macmini/Desktop/Kiran/Nikitha/24thAug/MobileFramework/src/main/java/resources
2021-02-24 17:56:08,067 [Worker-41: Launching TestMain (1)] WARN  o.e.m.c.i.embedder.EclipseLogger - Using platform encoding (UTF-8 actually) to copy filtered resources, i.e. build is platform dependent!
2021-02-24 17:56:08,068 [Worker-41: Launching TestMain (1)] INFO  o.e.m.c.i.embedder.EclipseLogger - skip non existing resourceDirectory /Users/aaa-macmini/Desktop/Kiran/Nikitha/24thAug/MobileFramework/src/test/resources
2021-02-24 18:11:56,398 [Worker-48: Launching TestMain (1)] WARN  o.e.m.c.i.embedder.EclipseLogger - File encoding has not been set, using platform encoding UTF-8, i.e. build is platform dependent!
2021-02-24 18:11:56,413 [Worker-48: Launching TestMain (1)] WARN  o.e.m.c.i.embedder.EclipseLogger - Using platform encoding (UTF-8 actually) to copy filtered resources, i.e. build is platform dependent!
2021-02-24 18:11:56,414 [Worker-48: Launching TestMain (1)] INFO  o.e.m.c.i.embedder.EclipseLogger - skip non existing resourceDirectory /Users/aaa-macmini/Desktop/Kiran/Nikitha/24thAug/MobileFramework/src/main/java/resources
2021-02-24 18:11:56,419 [Worker-48: Launching TestMain (1)] WARN  o.e.m.c.i.embedder.EclipseLogger - Using platform encoding (UTF-8 actually) to copy filtered resources, i.e. build is platform dependent!
2021-02-24 18:11:56,420 [Worker-48: Launching TestMain (1)] INFO  o.e.m.c.i.embedder.EclipseLogger - skip non existing resourceDirectory /Users/aaa-macmini/Desktop/Kiran/Nikitha/24thAug/MobileFramework/src/test/resources
2021-02-24 18:18:00,919 [Worker-48: Launching TestMain (1)] WARN  o.e.m.c.i.embedder.EclipseLogger - File encoding has not been set, using platform encoding UTF-8, i.e. build is platform dependent!
2021-02-24 18:18:00,920 [Worker-48: Launching TestMain (1)] WARN  o.e.m.c.i.embedder.EclipseLogger - Using platform encoding (UTF-8 actually) to copy filtered resources, i.e. build is platform dependent!
2021-02-24 18:18:00,921 [Worker-48: Launching TestMain (1)] INFO  o.e.m.c.i.embedder.EclipseLogger - skip non existing resourceDirectory /Users/aaa-macmini/Desktop/Kiran/Nikitha/24thAug/MobileFramework/src/main/java/resources
2021-02-24 18:18:00,922 [Worker-48: Launching TestMain (1)] WARN  o.e.m.c.i.embedder.EclipseLogger - Using platform encoding (UTF-8 actually) to copy filtered resources, i.e. build is platform dependent!
2021-02-24 18:18:00,923 [Worker-48: Launching TestMain (1)] INFO  o.e.m.c.i.embedder.EclipseLogger - skip non existing resourceDirectory /Users/aaa-macmini/Desktop/Kiran/Nikitha/24thAug/MobileFramework/src/test/resources
